Using pre-set license
Built from '2021.2/staging' branch; Version is '2021.2.19f1 (602ecdbb2fb0) revision 6303437'; Using compiler version '192829333'; Build Type 'Release'
OS: 'Windows 10  (10.0.19044) 64bit Professional' Language: 'tr' Physical Memory: 16285 MB
BatchMode: 1, IsHumanControllingUs: 0, StartBugReporterOnCrash: 0, Is64bit: 1, IsPro: 1

COMMAND LINE ARGUMENTS:
C:\Program Files\Unity\Hub\Editor\2021.2.19f1\Editor\Unity.exe
-adb2
-batchMode
-noUpm
-name
AssetImportWorker2
-projectPath
C:/Users/berke/RunRun
-logFile
Logs/AssetImportWorker2.log
-srvPort
65488
Successfully changed project path to: C:/Users/berke/RunRun
C:/Users/berke/RunRun
[UnityMemory] Configuration Parameters - Can be set up in boot.config
    "memorysetup-bucket-allocator-granularity=16"
    "memorysetup-bucket-allocator-bucket-count=8"
    "memorysetup-bucket-allocator-block-size=33554432"
    "memorysetup-bucket-allocator-block-count=8"
    "memorysetup-main-allocator-block-size=16777216"
    "memorysetup-thread-allocator-block-size=16777216"
    "memorysetup-gfx-main-allocator-block-size=16777216"
    "memorysetup-gfx-thread-allocator-block-size=16777216"
    "memorysetup-cache-allocator-block-size=4194304"
    "memorysetup-typetree-allocator-block-size=2097152"
    "memorysetup-profiler-bucket-allocator-granularity=16"
    "memorysetup-profiler-bucket-allocator-bucket-count=8"
    "memorysetup-profiler-bucket-allocator-block-size=33554432"
    "memorysetup-profiler-bucket-allocator-block-count=8"
    "memorysetup-profiler-allocator-block-size=16777216"
    "memorysetup-profiler-editor-allocator-block-size=1048576"
    "memorysetup-temp-allocator-size-main=16777216"
    "memorysetup-job-temp-allocator-block-size=2097152"
    "memorysetup-job-temp-allocator-block-size-background=1048576"
    "memorysetup-job-temp-allocator-reduction-small-platforms=262144"
    "memorysetup-temp-allocator-size-background-worker=32768"
    "memorysetup-temp-allocator-size-job-worker=262144"
    "memorysetup-temp-allocator-size-preload-manager=33554432"
    "memorysetup-temp-allocator-size-nav-mesh-worker=65536"
    "memorysetup-temp-allocator-size-audio-worker=65536"
    "memorysetup-temp-allocator-size-cloud-worker=32768"
    "memorysetup-temp-allocator-size-gi-baking-worker=262144"
    "memorysetup-temp-allocator-size-gfx=262144"
Refreshing native plugins compatible for Editor in 66.48 ms, found 3 plugins.
Preloading 0 native plugins for Editor in 0.00 ms.
Initialize engine version: 2021.2.19f1 (602ecdbb2fb0)
[Subsystems] Discovering subsystems at path C:/Program Files/Unity/Hub/Editor/2021.2.19f1/Editor/Data/Resources/UnitySubsystems
[Subsystems] Discovering subsystems at path C:/Users/berke/RunRun/Assets
GfxDevice: creating device client; threaded=0; jobified=0
Direct3D:
    Version:  Direct3D 11.0 [level 11.1]
    Renderer: NVIDIA GeForce GTX 960 (ID=0x1401)
    Vendor:   NVIDIA
    VRAM:     2007 MB
    Driver:   30.0.14.7212
Initialize mono
Mono path[0] = 'C:/Program Files/Unity/Hub/Editor/2021.2.19f1/Editor/Data/Managed'
Mono path[1] = 'C:/Program Files/Unity/Hub/Editor/2021.2.19f1/Editor/Data/MonoBleedingEdge/lib/mono/unityjit-win32'
Mono config path = 'C:/Program Files/Unity/Hub/Editor/2021.2.19f1/Editor/Data/MonoBleedingEdge/etc'
Using monoOptions --debugger-agent=transport=dt_socket,embedding=1,server=y,suspend=n,address=127.0.0.1:56632
Begin MonoManager ReloadAssembly
Registering precompiled unity dll's ...
Register platform support module: C:/Program Files/Unity/Hub/Editor/2021.2.19f1/Editor/Data/PlaybackEngines/AndroidPlayer/UnityEditor.Android.Extensions.dll
Register platform support module: C:/Program Files/Unity/Hub/Editor/2021.2.19f1/Editor/Data/PlaybackEngines/WindowsStandaloneSupport/UnityEditor.WindowsStandalone.Extensions.dll
Registered in 0.006070 seconds.
Native extension for WindowsStandalone target not found
Native extension for Android target not found
Refreshing native plugins compatible for Editor in 62.92 ms, found 3 plugins.
Preloading 0 native plugins for Editor in 0.00 ms.
Mono: successfully reloaded assembly
- Completed reload, in  0.478 seconds
Domain Reload Profiling:
	ReloadAssembly (479ms)
		BeginReloadAssembly (57ms)
			ExecutionOrderSort (0ms)
			DisableScriptedObjects (0ms)
			BackupInstance (0ms)
			ReleaseScriptingObjects (0ms)
			CreateAndSetChildDomain (1ms)
		EndReloadAssembly (340ms)
			LoadAssemblies (55ms)
			RebuildTransferFunctionScriptingTraits (0ms)
			SetupTypeCache (76ms)
			ReleaseScriptCaches (0ms)
			RebuildScriptCaches (19ms)
			SetupLoadedEditorAssemblies (207ms)
				LogAssemblyErrors (0ms)
				InitializePlatformSupportModulesInManaged (41ms)
				SetLoadedEditorAssemblies (0ms)
				RefreshPlugins (63ms)
				BeforeProcessingInitializeOnLoad (2ms)
				ProcessInitializeOnLoadAttributes (69ms)
				ProcessInitializeOnLoadMethodAttributes (31ms)
				AfterProcessingInitializeOnLoad (0ms)
				EditorAssembliesLoaded (0ms)
			ExecutionOrderSort2 (0ms)
			AwakeInstancesAfterBackupRestoration (0ms)
Platform modules already initialized, skipping
Registering precompiled user dll's ...
Registered in 0.003631 seconds.
Begin MonoManager ReloadAssembly
Symbol file LoadedFromMemory doesn't match image C:\Users\berke\RunRun\Library\PackageCache\com.unity.visualscripting@1.7.6\Editor\VisualScripting.Core\Dependencies\YamlDotNet\Unity.VisualScripting.YamlDotNet.dll
Symbol file LoadedFromMemory is not a mono symbol file
Symbol file LoadedFromMemory doesn't match image C:\Users\berke\RunRun\Library\PackageCache\com.unity.visualscripting@1.7.6\Editor\VisualScripting.Core\Dependencies\DotNetZip\Unity.VisualScripting.IonicZip.dll
Native extension for WindowsStandalone target not found
Native extension for Android target not found
Refreshing native plugins compatible for Editor in 0.62 ms, found 3 plugins.
Preloading 0 native plugins for Editor in 0.00 ms.
Mono: successfully reloaded assembly
- Completed reload, in  0.824 seconds
Domain Reload Profiling:
	ReloadAssembly (824ms)
		BeginReloadAssembly (194ms)
			ExecutionOrderSort (0ms)
			DisableScriptedObjects (4ms)
			BackupInstance (0ms)
			ReleaseScriptingObjects (0ms)
			CreateAndSetChildDomain (126ms)
		EndReloadAssembly (548ms)
			LoadAssemblies (71ms)
			RebuildTransferFunctionScriptingTraits (0ms)
			SetupTypeCache (169ms)
			ReleaseScriptCaches (1ms)
			RebuildScriptCaches (33ms)
			SetupLoadedEditorAssemblies (248ms)
				LogAssemblyErrors (0ms)
				InitializePlatformSupportModulesInManaged (11ms)
				SetLoadedEditorAssemblies (0ms)
				RefreshPlugins (1ms)
				BeforeProcessingInitializeOnLoad (62ms)
				ProcessInitializeOnLoadAttributes (149ms)
				ProcessInitializeOnLoadMethodAttributes (19ms)
				AfterProcessingInitializeOnLoad (6ms)
				EditorAssembliesLoaded (0ms)
			ExecutionOrderSort2 (0ms)
			AwakeInstancesAfterBackupRestoration (4ms)
Platform modules already initialized, skipping
========================================================================
Worker process is ready to serve import requests
Launched and connected shader compiler UnityShaderCompiler.exe after 0.07 seconds
Refreshing native plugins compatible for Editor in 1.04 ms, found 3 plugins.
Preloading 0 native plugins for Editor in 0.00 ms.
Unloading 3232 Unused Serialized files (Serialized files now loaded: 0)
Unloading 23 unused Assets / (112.4 KB). Loaded Objects now: 3695.
Memory consumption went from 114.5 MB to 114.4 MB.
Total: 2.741100 ms (FindLiveObjects: 0.206800 ms CreateObjectMapping: 0.109200 ms MarkObjects: 2.328700 ms  DeleteObjects: 0.095400 ms)

AssetImportParameters requested are different than current active one (requested -> active):
  custom:video-decoder-ogg-theora: a1e56fd34408186e4bbccfd4996cb3dc -> 
  custom:container-muxer-webm: aa71ff27fc2769a1b78a27578f13a17b -> 
  custom:container-demuxer-webm: 4f35f7cbe854078d1ac9338744f61a02 -> 
  custom:video-encoder-webm-vp8: eb34c28f22e8b96e1ab97ce403110664 -> 
  custom:audio-encoder-webm-vorbis: bf7c407c2cedff20999df2af8eb42d56 -> 
  custom:framework-win-MediaFoundation: 216162199b28c13a410421893ffa2e32 -> 
  custom:container-demuxer-ogg: 62fdf1f143b41e24485cea50d1cbac27 -> 
  custom:video-decoder-webm-vp8: 9c59270c3fd7afecdb556c50c9e8de78 -> 
  custom:audio-decoder-ogg-vorbis: bf7c407c2cedff20999df2af8eb42d56 -> 
========================================================================
Received Import Request.
  Time since last request: 122054.904977 seconds.
  path: Assets/Scenes/Level1.unity
  artifactKey: Guid(9509e4bbe63db024c84c83cf4ace0841) Importer(815301076,1909f56bfc062723c751e8b465ee728b)
Start importing Assets/Scenes/Level1.unity using Guid(9509e4bbe63db024c84c83cf4ace0841) Importer(815301076,1909f56bfc062723c751e8b465ee728b)  -> (artifact id: '2cd00b67c0a79f76318ba684d14e6226') in 0.009902 seconds 
========================================================================
Received Import Request.
  Time since last request: 7.011416 seconds.
  path: Assets/CodaEssentials
  artifactKey: Guid(19bf41f2568feec4f86ad693f6be3e2b) Importer(815301076,1909f56bfc062723c751e8b465ee728b)
Start importing Assets/CodaEssentials using Guid(19bf41f2568feec4f86ad693f6be3e2b) Importer(815301076,1909f56bfc062723c751e8b465ee728b)  -> (artifact id: '6851bb690d2da5d4cc32ad5e977f5d13') in 0.006030 seconds 
========================================================================
Received Import Request.
  Time since last request: 1.131015 seconds.
  path: Assets/CodaEssentials/Shaders
  artifactKey: Guid(4b6bc51ead9f8a445a58e2d0e672a350) Importer(815301076,1909f56bfc062723c751e8b465ee728b)
Start importing Assets/CodaEssentials/Shaders using Guid(4b6bc51ead9f8a445a58e2d0e672a350) Importer(815301076,1909f56bfc062723c751e8b465ee728b)  -> (artifact id: '94ef1b3884c3ade3ef4ace2c758928b9') in 0.004958 seconds 
========================================================================
Received Import Request.
  Time since last request: 0.401904 seconds.
  path: Assets/CodaEssentials/Textures
  artifactKey: Guid(ed96604572a96e641bda20061c1e9998) Importer(815301076,1909f56bfc062723c751e8b465ee728b)
Start importing Assets/CodaEssentials/Textures using Guid(ed96604572a96e641bda20061c1e9998) Importer(815301076,1909f56bfc062723c751e8b465ee728b)  -> (artifact id: '06ed228251ef02914c8f92a3a474ca4b') in 0.004871 seconds 
========================================================================
Received Import Request.
  Time since last request: 0.203736 seconds.
  path: Assets/CodaEssentials/Textures/cubemap_day.png
  artifactKey: Guid(3d861ed98f61646b1bbcffec9653abdc) Importer(815301076,1909f56bfc062723c751e8b465ee728b)
Start importing Assets/CodaEssentials/Textures/cubemap_day.png using Guid(3d861ed98f61646b1bbcffec9653abdc) Importer(815301076,1909f56bfc062723c751e8b465ee728b)  -> (artifact id: '1404585102befb25839051540662bf34') in 0.120826 seconds 
========================================================================
Received Import Request.
  Time since last request: 4.729390 seconds.
  path: Assets/CodaEssentials/Materials
  artifactKey: Guid(9b12ffabc9426af41b8518cee82a3be2) Importer(815301076,1909f56bfc062723c751e8b465ee728b)
Start importing Assets/CodaEssentials/Materials using Guid(9b12ffabc9426af41b8518cee82a3be2) Importer(815301076,1909f56bfc062723c751e8b465ee728b)  -> (artifact id: 'bc4fbc5e00402d2a04c7c8575d002911') in 0.004952 seconds 
========================================================================
Received Import Request.
  Time since last request: 0.356307 seconds.
  path: Assets/CodaEssentials/Models
  artifactKey: Guid(dcb2436ae0b77c343af6c79c640b6ea1) Importer(815301076,1909f56bfc062723c751e8b465ee728b)
Start importing Assets/CodaEssentials/Models using Guid(dcb2436ae0b77c343af6c79c640b6ea1) Importer(815301076,1909f56bfc062723c751e8b465ee728b)  -> (artifact id: '91cc6bcc66fe48314384dbec7e373db4') in 0.004956 seconds 
========================================================================
Received Import Request.
  Time since last request: 0.070672 seconds.
  path: Assets/CodaEssentials/Models/waterDisc.fbx
  artifactKey: Guid(36b7696cf26444310825ed40d4718b7d) Importer(815301076,1909f56bfc062723c751e8b465ee728b)
Start importing Assets/CodaEssentials/Models/waterDisc.fbx using Guid(36b7696cf26444310825ed40d4718b7d) Importer(815301076,1909f56bfc062723c751e8b465ee728b)  -> (artifact id: 'ee71164818808af3b2604dbd7ca0361b') in 0.255671 seconds 
========================================================================
Received Import Request.
  Time since last request: 31.635711 seconds.
  path: Assets/CodaGameKits/RunnerKit/Environment/Models
  artifactKey: Guid(9a85300be167a403aa39e78c2c27501f) Importer(815301076,1909f56bfc062723c751e8b465ee728b)
Start importing Assets/CodaGameKits/RunnerKit/Environment/Models using Guid(9a85300be167a403aa39e78c2c27501f) Importer(815301076,1909f56bfc062723c751e8b465ee728b)  -> (artifact id: 'a5ae804308b8efc828c42180e430b6e0') in 0.003255 seconds 
========================================================================
Received Import Request.
  Time since last request: 0.056043 seconds.
  path: Assets/CodaGameKits/RunnerKit/Environment/Models/floor_left_45.fbx
  artifactKey: Guid(5dd8cc742bb2e4f528ba3d2a26475ce9) Importer(815301076,1909f56bfc062723c751e8b465ee728b)
Start importing Assets/CodaGameKits/RunnerKit/Environment/Models/floor_left_45.fbx using Guid(5dd8cc742bb2e4f528ba3d2a26475ce9) Importer(815301076,1909f56bfc062723c751e8b465ee728b)  -> (artifact id: '1b2da6ceaf737d6d78f67906d84d1002') in 0.016514 seconds 
========================================================================
Received Import Request.
  Time since last request: 0.000019 seconds.
  path: Assets/CodaGameKits/RunnerKit/Environment/Models/obstacle_small.fbx
  artifactKey: Guid(60507861c673d444284304c7d9f358fe) Importer(815301076,1909f56bfc062723c751e8b465ee728b)
Start importing Assets/CodaGameKits/RunnerKit/Environment/Models/obstacle_small.fbx using Guid(60507861c673d444284304c7d9f358fe) Importer(815301076,1909f56bfc062723c751e8b465ee728b)  -> (artifact id: '9dbc8b5cfddecdbe82607891110f9bb7') in 0.028662 seconds 
========================================================================
Received Import Request.
  Time since last request: 0.000019 seconds.
  path: Assets/CodaGameKits/RunnerKit/Environment/Models/floor_straight.fbx
  artifactKey: Guid(e9eb4a6c37e9e42fc83d7f6ec1e18af5) Importer(815301076,1909f56bfc062723c751e8b465ee728b)
Start importing Assets/CodaGameKits/RunnerKit/Environment/Models/floor_straight.fbx using Guid(e9eb4a6c37e9e42fc83d7f6ec1e18af5) Importer(815301076,1909f56bfc062723c751e8b465ee728b)  -> (artifact id: '315b39736bf6a4edca5ed6240d955cf6') in 0.034137 seconds 
========================================================================
Received Import Request.
  Time since last request: 0.000021 seconds.
  path: Assets/CodaGameKits/RunnerKit/Environment/Models/obstacle_small_2.fbx
  artifactKey: Guid(8f3f0d509a11045de87aba96edbfc511) Importer(815301076,1909f56bfc062723c751e8b465ee728b)
Start importing Assets/CodaGameKits/RunnerKit/Environment/Models/obstacle_small_2.fbx using Guid(8f3f0d509a11045de87aba96edbfc511) Importer(815301076,1909f56bfc062723c751e8b465ee728b)  -> (artifact id: '73413971f960bf075e4a2b71cf56b355') in 0.043336 seconds 
========================================================================
Received Import Request.
  Time since last request: 0.000017 seconds.
  path: Assets/CodaGameKits/RunnerKit/Environment/Models/obstacle_guillotine.fbx
  artifactKey: Guid(6ca5e4c9ab2934fa999fde1f33926fd2) Importer(815301076,1909f56bfc062723c751e8b465ee728b)
Start importing Assets/CodaGameKits/RunnerKit/Environment/Models/obstacle_guillotine.fbx using Guid(6ca5e4c9ab2934fa999fde1f33926fd2) Importer(815301076,1909f56bfc062723c751e8b465ee728b)  -> (artifact id: '47e02bf699b9bff3e77253dae46f2a86') in 0.023840 seconds 
========================================================================
Received Import Request.
  Time since last request: 0.000017 seconds.
  path: Assets/CodaGameKits/RunnerKit/Environment/Models/prop_environment_simple_tower.fbx
  artifactKey: Guid(1640dc824294c4d16b9836b7937c34f9) Importer(815301076,1909f56bfc062723c751e8b465ee728b)
Start importing Assets/CodaGameKits/RunnerKit/Environment/Models/prop_environment_simple_tower.fbx using Guid(1640dc824294c4d16b9836b7937c34f9) Importer(815301076,1909f56bfc062723c751e8b465ee728b)  -> (artifact id: '378ed84d00c09bfd76cb1c89371fd417') in 0.012905 seconds 
========================================================================
Received Import Request.
  Time since last request: 0.000017 seconds.
  path: Assets/CodaGameKits/RunnerKit/Environment/Models/floor_right_90.fbx
  artifactKey: Guid(f51325291cd1b4e1ca0d201108626988) Importer(815301076,1909f56bfc062723c751e8b465ee728b)
Start importing Assets/CodaGameKits/RunnerKit/Environment/Models/floor_right_90.fbx using Guid(f51325291cd1b4e1ca0d201108626988) Importer(815301076,1909f56bfc062723c751e8b465ee728b)  -> (artifact id: 'c580e32187b06632eb6e8a9068a37032') in 0.013058 seconds 
========================================================================
Received Import Request.
  Time since last request: 0.000015 seconds.
  path: Assets/CodaGameKits/RunnerKit/Environment/Models/obstacle_trap.fbx
  artifactKey: Guid(abe631a4dd1094622a3aef16141135ce) Importer(815301076,1909f56bfc062723c751e8b465ee728b)
Start importing Assets/CodaGameKits/RunnerKit/Environment/Models/obstacle_trap.fbx using Guid(abe631a4dd1094622a3aef16141135ce) Importer(815301076,1909f56bfc062723c751e8b465ee728b)  -> (artifact id: '963bdbb013bafea33d254fe4bb4c7a89') in 0.013191 seconds 
Editor requested this worker to shutdown with reason: Scaling down because of idle timeout
AssetImportWorker is now disconnected from the server
Process exiting
Exiting without the bug reporter. Application will terminate with return code 0