Using pre-set license
Built from '2021.2/staging' branch; Version is '2021.2.19f1 (602ecdbb2fb0) revision 6303437'; Using compiler version '192829333'; Build Type 'Release'
OS: 'Windows 10  (10.0.19044) 64bit Professional' Language: 'tr' Physical Memory: 16285 MB
BatchMode: 1, IsHumanControllingUs: 0, StartBugReporterOnCrash: 0, Is64bit: 1, IsPro: 1

COMMAND LINE ARGUMENTS:
C:\Program Files\Unity\Hub\Editor\2021.2.19f1\Editor\Unity.exe
-adb2
-batchMode
-noUpm
-name
AssetImportWorker1
-projectPath
C:/Users/berke/RunRun
-logFile
Logs/AssetImportWorker1.log
-srvPort
65488
Successfully changed project path to: C:/Users/berke/RunRun
C:/Users/berke/RunRun
[UnityMemory] Configuration Parameters - Can be set up in boot.config
    "memorysetup-bucket-allocator-granularity=16"
    "memorysetup-bucket-allocator-bucket-count=8"
    "memorysetup-bucket-allocator-block-size=33554432"
    "memorysetup-bucket-allocator-block-count=8"
    "memorysetup-main-allocator-block-size=16777216"
    "memorysetup-thread-allocator-block-size=16777216"
    "memorysetup-gfx-main-allocator-block-size=16777216"
    "memorysetup-gfx-thread-allocator-block-size=16777216"
    "memorysetup-cache-allocator-block-size=4194304"
    "memorysetup-typetree-allocator-block-size=2097152"
    "memorysetup-profiler-bucket-allocator-granularity=16"
    "memorysetup-profiler-bucket-allocator-bucket-count=8"
    "memorysetup-profiler-bucket-allocator-block-size=33554432"
    "memorysetup-profiler-bucket-allocator-block-count=8"
    "memorysetup-profiler-allocator-block-size=16777216"
    "memorysetup-profiler-editor-allocator-block-size=1048576"
    "memorysetup-temp-allocator-size-main=16777216"
    "memorysetup-job-temp-allocator-block-size=2097152"
    "memorysetup-job-temp-allocator-block-size-background=1048576"
    "memorysetup-job-temp-allocator-reduction-small-platforms=262144"
    "memorysetup-temp-allocator-size-background-worker=32768"
    "memorysetup-temp-allocator-size-job-worker=262144"
    "memorysetup-temp-allocator-size-preload-manager=33554432"
    "memorysetup-temp-allocator-size-nav-mesh-worker=65536"
    "memorysetup-temp-allocator-size-audio-worker=65536"
    "memorysetup-temp-allocator-size-cloud-worker=32768"
    "memorysetup-temp-allocator-size-gi-baking-worker=262144"
    "memorysetup-temp-allocator-size-gfx=262144"
Refreshing native plugins compatible for Editor in 60.60 ms, found 3 plugins.
Preloading 0 native plugins for Editor in 0.00 ms.
Initialize engine version: 2021.2.19f1 (602ecdbb2fb0)
[Subsystems] Discovering subsystems at path C:/Program Files/Unity/Hub/Editor/2021.2.19f1/Editor/Data/Resources/UnitySubsystems
[Subsystems] Discovering subsystems at path C:/Users/berke/RunRun/Assets
GfxDevice: creating device client; threaded=0; jobified=0
Direct3D:
    Version:  Direct3D 11.0 [level 11.1]
    Renderer: NVIDIA GeForce GTX 960 (ID=0x1401)
    Vendor:   NVIDIA
    VRAM:     2007 MB
    Driver:   30.0.14.7212
Initialize mono
Mono path[0] = 'C:/Program Files/Unity/Hub/Editor/2021.2.19f1/Editor/Data/Managed'
Mono path[1] = 'C:/Program Files/Unity/Hub/Editor/2021.2.19f1/Editor/Data/MonoBleedingEdge/lib/mono/unityjit-win32'
Mono config path = 'C:/Program Files/Unity/Hub/Editor/2021.2.19f1/Editor/Data/MonoBleedingEdge/etc'
Using monoOptions --debugger-agent=transport=dt_socket,embedding=1,server=y,suspend=n,address=127.0.0.1:56828
Begin MonoManager ReloadAssembly
Registering precompiled unity dll's ...
Register platform support module: C:/Program Files/Unity/Hub/Editor/2021.2.19f1/Editor/Data/PlaybackEngines/AndroidPlayer/UnityEditor.Android.Extensions.dll
Register platform support module: C:/Program Files/Unity/Hub/Editor/2021.2.19f1/Editor/Data/PlaybackEngines/WindowsStandaloneSupport/UnityEditor.WindowsStandalone.Extensions.dll
Registered in 0.006256 seconds.
Native extension for WindowsStandalone target not found
Native extension for Android target not found
Refreshing native plugins compatible for Editor in 60.09 ms, found 3 plugins.
Preloading 0 native plugins for Editor in 0.00 ms.
Mono: successfully reloaded assembly
- Completed reload, in  0.482 seconds
Domain Reload Profiling:
	ReloadAssembly (482ms)
		BeginReloadAssembly (56ms)
			ExecutionOrderSort (0ms)
			DisableScriptedObjects (0ms)
			BackupInstance (0ms)
			ReleaseScriptingObjects (0ms)
			CreateAndSetChildDomain (1ms)
		EndReloadAssembly (344ms)
			LoadAssemblies (54ms)
			RebuildTransferFunctionScriptingTraits (0ms)
			SetupTypeCache (78ms)
			ReleaseScriptCaches (0ms)
			RebuildScriptCaches (19ms)
			SetupLoadedEditorAssemblies (209ms)
				LogAssemblyErrors (0ms)
				InitializePlatformSupportModulesInManaged (43ms)
				SetLoadedEditorAssemblies (0ms)
				RefreshPlugins (60ms)
				BeforeProcessingInitializeOnLoad (1ms)
				ProcessInitializeOnLoadAttributes (68ms)
				ProcessInitializeOnLoadMethodAttributes (36ms)
				AfterProcessingInitializeOnLoad (0ms)
				EditorAssembliesLoaded (0ms)
			ExecutionOrderSort2 (0ms)
			AwakeInstancesAfterBackupRestoration (0ms)
Platform modules already initialized, skipping
Registering precompiled user dll's ...
Registered in 0.003534 seconds.
Begin MonoManager ReloadAssembly
Symbol file LoadedFromMemory doesn't match image C:\Users\berke\RunRun\Library\PackageCache\com.unity.visualscripting@1.7.6\Editor\VisualScripting.Core\Dependencies\YamlDotNet\Unity.VisualScripting.YamlDotNet.dll
Symbol file LoadedFromMemory is not a mono symbol file
Symbol file LoadedFromMemory doesn't match image C:\Users\berke\RunRun\Library\PackageCache\com.unity.visualscripting@1.7.6\Editor\VisualScripting.Core\Dependencies\DotNetZip\Unity.VisualScripting.IonicZip.dll
Native extension for WindowsStandalone target not found
Native extension for Android target not found
Refreshing native plugins compatible for Editor in 0.54 ms, found 3 plugins.
Preloading 0 native plugins for Editor in 0.00 ms.
Mono: successfully reloaded assembly
- Completed reload, in  0.863 seconds
Domain Reload Profiling:
	ReloadAssembly (864ms)
		BeginReloadAssembly (211ms)
			ExecutionOrderSort (0ms)
			DisableScriptedObjects (4ms)
			BackupInstance (0ms)
			ReleaseScriptingObjects (0ms)
			CreateAndSetChildDomain (133ms)
		EndReloadAssembly (566ms)
			LoadAssemblies (84ms)
			RebuildTransferFunctionScriptingTraits (0ms)
			SetupTypeCache (173ms)
			ReleaseScriptCaches (1ms)
			RebuildScriptCaches (36ms)
			SetupLoadedEditorAssemblies (251ms)
				LogAssemblyErrors (0ms)
				InitializePlatformSupportModulesInManaged (11ms)
				SetLoadedEditorAssemblies (0ms)
				RefreshPlugins (1ms)
				BeforeProcessingInitializeOnLoad (64ms)
				ProcessInitializeOnLoadAttributes (152ms)
				ProcessInitializeOnLoadMethodAttributes (16ms)
				AfterProcessingInitializeOnLoad (6ms)
				EditorAssembliesLoaded (0ms)
			ExecutionOrderSort2 (0ms)
			AwakeInstancesAfterBackupRestoration (4ms)
Platform modules already initialized, skipping
========================================================================
Worker process is ready to serve import requests
Launched and connected shader compiler UnityShaderCompiler.exe after 0.05 seconds
Refreshing native plugins compatible for Editor in 0.97 ms, found 3 plugins.
Preloading 0 native plugins for Editor in 0.00 ms.
Unloading 3225 Unused Serialized files (Serialized files now loaded: 0)
Unloading 23 unused Assets / (112.4 KB). Loaded Objects now: 3687.
Memory consumption went from 112.1 MB to 112.0 MB.
Total: 3.080000 ms (FindLiveObjects: 0.279600 ms CreateObjectMapping: 0.116300 ms MarkObjects: 2.587500 ms  DeleteObjects: 0.095900 ms)

AssetImportParameters requested are different than current active one (requested -> active):
  custom:video-decoder-ogg-theora: a1e56fd34408186e4bbccfd4996cb3dc -> 
  custom:container-muxer-webm: aa71ff27fc2769a1b78a27578f13a17b -> 
  custom:container-demuxer-webm: 4f35f7cbe854078d1ac9338744f61a02 -> 
  custom:video-encoder-webm-vp8: eb34c28f22e8b96e1ab97ce403110664 -> 
  custom:audio-encoder-webm-vorbis: bf7c407c2cedff20999df2af8eb42d56 -> 
  custom:framework-win-MediaFoundation: 216162199b28c13a410421893ffa2e32 -> 
  custom:container-demuxer-ogg: 62fdf1f143b41e24485cea50d1cbac27 -> 
  custom:video-decoder-webm-vp8: 9c59270c3fd7afecdb556c50c9e8de78 -> 
  custom:audio-decoder-ogg-vorbis: bf7c407c2cedff20999df2af8eb42d56 -> 
========================================================================
Received Import Request.
  Time since last request: 121831.579468 seconds.
  path: Assets/Scenes
  artifactKey: Guid(6ea315d0fd7389c41b19996891e99ae3) Importer(815301076,1909f56bfc062723c751e8b465ee728b)
Start importing Assets/Scenes using Guid(6ea315d0fd7389c41b19996891e99ae3) Importer(815301076,1909f56bfc062723c751e8b465ee728b)  -> (artifact id: 'b8193726cff86800c54781cdc6d54904') in 0.009874 seconds 
========================================================================
Received Prepare
Registering precompiled user dll's ...
Registered in 0.004030 seconds.
Begin MonoManager ReloadAssembly
Symbol file LoadedFromMemory doesn't match image C:\Users\berke\RunRun\Library\PackageCache\com.unity.visualscripting@1.7.6\Editor\VisualScripting.Core\Dependencies\YamlDotNet\Unity.VisualScripting.YamlDotNet.dll
Symbol file LoadedFromMemory is not a mono symbol file
Symbol file LoadedFromMemory doesn't match image C:\Users\berke\RunRun\Library\PackageCache\com.unity.visualscripting@1.7.6\Editor\VisualScripting.Core\Dependencies\DotNetZip\Unity.VisualScripting.IonicZip.dll
Native extension for WindowsStandalone target not found
Native extension for Android target not found
Refreshing native plugins compatible for Editor in 0.73 ms, found 3 plugins.
Preloading 0 native plugins for Editor in 0.00 ms.
Mono: successfully reloaded assembly
- Completed reload, in  0.922 seconds
Domain Reload Profiling:
	ReloadAssembly (923ms)
		BeginReloadAssembly (134ms)
			ExecutionOrderSort (0ms)
			DisableScriptedObjects (5ms)
			BackupInstance (0ms)
			ReleaseScriptingObjects (0ms)
			CreateAndSetChildDomain (39ms)
		EndReloadAssembly (700ms)
			LoadAssemblies (94ms)
			RebuildTransferFunctionScriptingTraits (0ms)
			SetupTypeCache (214ms)
			ReleaseScriptCaches (1ms)
			RebuildScriptCaches (36ms)
			SetupLoadedEditorAssemblies (326ms)
				LogAssemblyErrors (0ms)
				InitializePlatformSupportModulesInManaged (25ms)
				SetLoadedEditorAssemblies (0ms)
				RefreshPlugins (1ms)
				BeforeProcessingInitializeOnLoad (88ms)
				ProcessInitializeOnLoadAttributes (182ms)
				ProcessInitializeOnLoadMethodAttributes (21ms)
				AfterProcessingInitializeOnLoad (9ms)
				EditorAssembliesLoaded (0ms)
			ExecutionOrderSort2 (0ms)
			AwakeInstancesAfterBackupRestoration (5ms)
Platform modules already initialized, skipping
Refreshing native plugins compatible for Editor in 1.28 ms, found 3 plugins.
Preloading 0 native plugins for Editor in 0.00 ms.
Unloading 3221 Unused Serialized files (Serialized files now loaded: 0)
Unloading 16 unused Assets / (79.2 KB). Loaded Objects now: 3691.
Memory consumption went from 112.1 MB to 112.1 MB.
Total: 2.707500 ms (FindLiveObjects: 0.240000 ms CreateObjectMapping: 0.134600 ms MarkObjects: 2.273100 ms  DeleteObjects: 0.059100 ms)

AssetImportParameters requested are different than current active one (requested -> active):
  custom:video-decoder-ogg-theora: a1e56fd34408186e4bbccfd4996cb3dc -> 
  custom:container-muxer-webm: aa71ff27fc2769a1b78a27578f13a17b -> 
  custom:container-demuxer-webm: 4f35f7cbe854078d1ac9338744f61a02 -> 
  custom:video-encoder-webm-vp8: eb34c28f22e8b96e1ab97ce403110664 -> 
  custom:audio-encoder-webm-vorbis: bf7c407c2cedff20999df2af8eb42d56 -> 
  custom:framework-win-MediaFoundation: 216162199b28c13a410421893ffa2e32 -> 
  custom:container-demuxer-ogg: 62fdf1f143b41e24485cea50d1cbac27 -> 
  custom:video-decoder-webm-vp8: 9c59270c3fd7afecdb556c50c9e8de78 -> 
  custom:audio-decoder-ogg-vorbis: bf7c407c2cedff20999df2af8eb42d56 -> 
========================================================================
Received Import Request.
  Time since last request: 201.665964 seconds.
  path: Assets/CodaGameKits/RunnerKit/Environment/Prefabs/floor_right_90.prefab
  artifactKey: Guid(8c71428b9d0b9468d8e3df113e4363eb) Importer(815301076,1909f56bfc062723c751e8b465ee728b)
Start importing Assets/CodaGameKits/RunnerKit/Environment/Prefabs/floor_right_90.prefab using Guid(8c71428b9d0b9468d8e3df113e4363eb) Importer(815301076,1909f56bfc062723c751e8b465ee728b)  -> (artifact id: 'b5331932d2c65651900019dfd57bb2f1') in 0.273948 seconds 
========================================================================
Received Import Request.
  Time since last request: 0.000021 seconds.
  path: Assets/CodaGameKits/RunnerKit/Environment/Prefabs/floor_straight.prefab
  artifactKey: Guid(e3ca608bcd2554376a83ad0a2f99df6b) Importer(815301076,1909f56bfc062723c751e8b465ee728b)
Start importing Assets/CodaGameKits/RunnerKit/Environment/Prefabs/floor_straight.prefab using Guid(e3ca608bcd2554376a83ad0a2f99df6b) Importer(815301076,1909f56bfc062723c751e8b465ee728b)  -> (artifact id: 'ba1fb4e2d60a2e8ddc206506dc4714b9') in 0.016036 seconds 
========================================================================
Received Import Request.
  Time since last request: 0.000027 seconds.
  path: Assets/CodaGameKits/RunnerKit/Environment/Prefabs/obstacle_trio.prefab
  artifactKey: Guid(0c1684a7c625c47e8aff9a36916f5abc) Importer(815301076,1909f56bfc062723c751e8b465ee728b)
Start importing Assets/CodaGameKits/RunnerKit/Environment/Prefabs/obstacle_trio.prefab using Guid(0c1684a7c625c47e8aff9a36916f5abc) Importer(815301076,1909f56bfc062723c751e8b465ee728b)  -> (artifact id: '44777085dd6cb74895c40f5e227865a3') in 0.067281 seconds 
========================================================================
Received Import Request.
  Time since last request: 0.000024 seconds.
  path: Assets/CodaGameKits/RunnerKit/Environment/Prefabs/towers.prefab
  artifactKey: Guid(14ad8b16debf34a5da9c90bc0735724c) Importer(815301076,1909f56bfc062723c751e8b465ee728b)
Start importing Assets/CodaGameKits/RunnerKit/Environment/Prefabs/towers.prefab using Guid(14ad8b16debf34a5da9c90bc0735724c) Importer(815301076,1909f56bfc062723c751e8b465ee728b)  -> (artifact id: 'ce0813cfe45bbcacdcf0b96926e31fab') in 0.058472 seconds 
========================================================================
Received Import Request.
  Time since last request: 29.994959 seconds.
  path: Assets/CodaEssentials/Textures/txt_water_lod1.png
  artifactKey: Guid(1524caba2311446e493e62dbba4fd28d) Importer(815301076,1909f56bfc062723c751e8b465ee728b)
Start importing Assets/CodaEssentials/Textures/txt_water_lod1.png using Guid(1524caba2311446e493e62dbba4fd28d) Importer(815301076,1909f56bfc062723c751e8b465ee728b)  -> (artifact id: '2b2d01fd9601b497e38d133fe8c2eb82') in 0.050369 seconds 
========================================================================
Received Import Request.
  Time since last request: 37.209111 seconds.
  path: Assets/CodaGameKits/RunnerKit/Environment/Models/floor_right_45.fbx
  artifactKey: Guid(20f5341e635d44b00b83020802c6570c) Importer(815301076,1909f56bfc062723c751e8b465ee728b)
Start importing Assets/CodaGameKits/RunnerKit/Environment/Models/floor_right_45.fbx using Guid(20f5341e635d44b00b83020802c6570c) Importer(815301076,1909f56bfc062723c751e8b465ee728b)  -> (artifact id: '567e44003df3e763a3f2ab4bf94790bc') in 0.276602 seconds 
========================================================================
Received Import Request.
  Time since last request: 347.743139 seconds.
  path: Assets/CodaGameKits/RunnerKit/Characters/Models/Stickman_lpoly_rigged.fbx
  artifactKey: Guid(bd49af3e7bf49445689e0131c5650789) Importer(815301076,1909f56bfc062723c751e8b465ee728b)
Start importing Assets/CodaGameKits/RunnerKit/Characters/Models/Stickman_lpoly_rigged.fbx using Guid(bd49af3e7bf49445689e0131c5650789) Importer(815301076,1909f56bfc062723c751e8b465ee728b)  -> (artifact id: '9e70c6f82eacc6e8e6d86b87e9c81321') in 0.044917 seconds 
========================================================================
Received Import Request.
  Time since last request: 13.277042 seconds.
  path: Assets/CodaGameKits/RunnerKit/Characters/Prefabs/StickmanCharacter.prefab
  artifactKey: Guid(3812723dc93c34e6c9ea2d0eff803ee2) Importer(815301076,1909f56bfc062723c751e8b465ee728b)
Start importing Assets/CodaGameKits/RunnerKit/Characters/Prefabs/StickmanCharacter.prefab using Guid(3812723dc93c34e6c9ea2d0eff803ee2) Importer(815301076,1909f56bfc062723c751e8b465ee728b)  -> (artifact id: '16887afebb81c71860f8a95683bca337') in 0.038846 seconds 
========================================================================
Received Import Request.
  Time since last request: 7.275397 seconds.
  path: Assets/CodaGameKits/RunnerKit/Characters/Textures/Female Character/Body_3_AO.png
  artifactKey: Guid(98630fdee22fb445b9233eac66c866af) Importer(815301076,1909f56bfc062723c751e8b465ee728b)
Start importing Assets/CodaGameKits/RunnerKit/Characters/Textures/Female Character/Body_3_AO.png using Guid(98630fdee22fb445b9233eac66c866af) Importer(815301076,1909f56bfc062723c751e8b465ee728b)  -> (artifact id: '5291d3aea6afab783f8ee2c41621c1f1') in 0.018179 seconds 
========================================================================
Received Import Request.
  Time since last request: 0.000024 seconds.
  path: Assets/CodaGameKits/RunnerKit/Characters/Textures/Female Character/Body_3_N.png
  artifactKey: Guid(3f4a6299bf444496594673aa5996ecf8) Importer(815301076,1909f56bfc062723c751e8b465ee728b)
Start importing Assets/CodaGameKits/RunnerKit/Characters/Textures/Female Character/Body_3_N.png using Guid(3f4a6299bf444496594673aa5996ecf8) Importer(815301076,1909f56bfc062723c751e8b465ee728b)  -> (artifact id: '3cf338ef87d49cf36526b266f366358f') in 0.022074 seconds 
========================================================================
Received Import Request.
  Time since last request: 0.000026 seconds.
  path: Assets/CodaGameKits/RunnerKit/Characters/Textures/Female Character/Female_1_Head_N.png
  artifactKey: Guid(8a8861c40bea14c5396208e6258f0fd1) Importer(815301076,1909f56bfc062723c751e8b465ee728b)
Start importing Assets/CodaGameKits/RunnerKit/Characters/Textures/Female Character/Female_1_Head_N.png using Guid(8a8861c40bea14c5396208e6258f0fd1) Importer(815301076,1909f56bfc062723c751e8b465ee728b)  -> (artifact id: '2c1f2018830f9db8a6d3dbccbab655bd') in 0.012672 seconds 
========================================================================
Received Import Request.
  Time since last request: 0.000024 seconds.
  path: Assets/CodaGameKits/RunnerKit/Characters/Textures/Female Character/Female_1_Head_D.png
  artifactKey: Guid(176bd90721c714f1db5fb88eaad4301a) Importer(815301076,1909f56bfc062723c751e8b465ee728b)
Start importing Assets/CodaGameKits/RunnerKit/Characters/Textures/Female Character/Female_1_Head_D.png using Guid(176bd90721c714f1db5fb88eaad4301a) Importer(815301076,1909f56bfc062723c751e8b465ee728b)  -> (artifact id: '97e43735ecd07ea8fcb80ad0947d1218') in 0.009469 seconds 
========================================================================
Received Import Request.
  Time since last request: 0.000016 seconds.
  path: Assets/CodaGameKits/RunnerKit/Characters/Textures/Female Character/Hair_7_N.png
  artifactKey: Guid(06db77e32781d4d7ea28669268f8854e) Importer(815301076,1909f56bfc062723c751e8b465ee728b)
Start importing Assets/CodaGameKits/RunnerKit/Characters/Textures/Female Character/Hair_7_N.png using Guid(06db77e32781d4d7ea28669268f8854e) Importer(815301076,1909f56bfc062723c751e8b465ee728b)  -> (artifact id: '76c498c53a11017527c838e2dab1febd') in 0.010993 seconds 
Editor requested this worker to shutdown with reason: Scaling down because of idle timeout
AssetImportWorker is now disconnected from the server
Process exiting
Exiting without the bug reporter. Application will terminate with return code 0